0 info it worked if it ends with ok
1 verbose cli [ '/usr/bin/node', '/usr/bin/npm', 'install', '-g', 'mup' ]
2 info using npm@1.4.28
3 info using node@v0.10.35
4 verbose node symlink /usr/bin/node
5 verbose cache add [ 'mup', null ]
6 verbose cache add name=undefined spec="mup" args=["mup",null]
7 verbose parsed url { protocol: null,
7 verbose parsed url   slashes: null,
7 verbose parsed url   auth: null,
7 verbose parsed url   host: null,
7 verbose parsed url   port: null,
7 verbose parsed url   hostname: null,
7 verbose parsed url   hash: null,
7 verbose parsed url   search: null,
7 verbose parsed url   query: null,
7 verbose parsed url   pathname: 'mup',
7 verbose parsed url   path: 'mup',
7 verbose parsed url   href: 'mup' }
8 silly lockFile 19bdb584-mup mup
9 verbose lock mup /home/aspin/.npm/19bdb584-mup.lock
10 silly lockFile 19bdb584-mup mup
11 silly lockFile 19bdb584-mup mup
12 verbose addNamed [ 'mup', '' ]
13 verbose addNamed [ null, '*' ]
14 silly lockFile 49f77549-mup mup@
15 verbose lock mup@ /home/aspin/.npm/49f77549-mup.lock
16 silly addNameRange { name: 'mup', range: '*', hasData: false }
17 verbose request where is /mup
18 verbose request registry https://registry.npmjs.org/
19 verbose request id fe3a75c4c33f5be5
20 verbose url raw /mup
21 verbose url resolving [ 'https://registry.npmjs.org/', './mup' ]
22 verbose url resolved https://registry.npmjs.org/mup
23 verbose request where is https://registry.npmjs.org/mup
24 info trying registry request attempt 1 at 14:48:53
25 http GET https://registry.npmjs.org/mup
26 http 200 https://registry.npmjs.org/mup
27 silly registry.get cb [ 200,
27 silly registry.get   { date: 'Tue, 20 Jan 2015 19:48:54 GMT',
27 silly registry.get     server: 'CouchDB/1.5.0 (Erlang OTP/R16B03)',
27 silly registry.get     etag: '"8B6MHOP4UA80LA1XY9WBNTLVD"',
27 silly registry.get     'content-type': 'application/json',
27 silly registry.get     'cache-control': 'max-age=60',
27 silly registry.get     'content-length': '53199',
27 silly registry.get     'accept-ranges': 'bytes',
27 silly registry.get     via: '1.1 varnish',
27 silly registry.get     age: '0',
27 silly registry.get     'x-served-by': 'cache-iad2127-IAD',
27 silly registry.get     'x-cache': 'MISS',
27 silly registry.get     'x-cache-hits': '0',
27 silly registry.get     'x-timer': 'S1421783333.867352,VS0,VE245',
27 silly registry.get     vary: 'Accept',
27 silly registry.get     'keep-alive': 'timeout=10, max=50',
27 silly registry.get     connection: 'Keep-Alive' } ]
28 silly addNameRange number 2 { name: 'mup', range: '*', hasData: true }
29 silly addNameRange versions [ 'mup',
29 silly addNameRange   [ '0.1.2',
29 silly addNameRange     '0.1.3',
29 silly addNameRange     '0.1.4',
29 silly addNameRange     '0.1.5',
29 silly addNameRange     '0.1.6',
29 silly addNameRange     '0.1.7',
29 silly addNameRange     '0.1.8',
29 silly addNameRange     '0.1.9',
29 silly addNameRange     '0.1.10',
29 silly addNameRange     '0.1.11',
29 silly addNameRange     '0.1.12',
29 silly addNameRange     '0.1.13',
29 silly addNameRange     '0.2.0',
29 silly addNameRange     '0.3.0',
29 silly addNameRange     '0.4.0',
29 silly addNameRange     '0.4.1',
29 silly addNameRange     '0.4.2',
29 silly addNameRange     '0.4.3',
29 silly addNameRange     '0.4.4',
29 silly addNameRange     '0.4.5',
29 silly addNameRange     '0.4.6',
29 silly addNameRange     '0.4.7',
29 silly addNameRange     '0.5.0',
29 silly addNameRange     '0.5.1',
29 silly addNameRange     '0.5.2',
29 silly addNameRange     '0.5.3',
29 silly addNameRange     '0.6.0',
29 silly addNameRange     '0.6.1',
29 silly addNameRange     '0.6.3',
29 silly addNameRange     '0.6.4',
29 silly addNameRange     '0.6.5',
29 silly addNameRange     '0.6.7',
29 silly addNameRange     '0.6.8',
29 silly addNameRange     '0.6.9',
29 silly addNameRange     '0.6.10',
29 silly addNameRange     '0.6.11',
29 silly addNameRange     '0.6.12',
29 silly addNameRange     '0.7.0',
29 silly addNameRange     '0.7.1',
29 silly addNameRange     '0.7.2',
29 silly addNameRange     '0.7.3',
29 silly addNameRange     '0.7.4',
29 silly addNameRange     '0.7.5',
29 silly addNameRange     '0.7.6' ] ]
30 verbose addNamed [ 'mup', '0.7.6' ]
31 verbose addNamed [ '0.7.6', '0.7.6' ]
32 silly lockFile 0a40caf2-mup-0-7-6 mup@0.7.6
33 verbose lock mup@0.7.6 /home/aspin/.npm/0a40caf2-mup-0-7-6.lock
34 silly lockFile cf63f04f-stry-npmjs-org-mup-mup-0-7-6-tgz https://registry.npmjs.org/mup/-/mup-0.7.6.tgz
35 verbose lock https://registry.npmjs.org/mup/-/mup-0.7.6.tgz /home/aspin/.npm/cf63f04f-stry-npmjs-org-mup-mup-0-7-6-tgz.lock
36 verbose addRemoteTarball [ 'https://registry.npmjs.org/mup/-/mup-0.7.6.tgz',
36 verbose addRemoteTarball   '747332a0203fcd3e8fd3510eee93f8b9caebf7dc' ]
37 info retry fetch attempt 1 at 14:48:54
38 verbose fetch to= /tmp/npm-17267-YsreudTI/registry.npmjs.org/mup/-/mup-0.7.6.tgz
39 http GET https://registry.npmjs.org/mup/-/mup-0.7.6.tgz
40 http 200 https://registry.npmjs.org/mup/-/mup-0.7.6.tgz
41 silly lockFile cf63f04f-stry-npmjs-org-mup-mup-0-7-6-tgz https://registry.npmjs.org/mup/-/mup-0.7.6.tgz
42 silly lockFile cf63f04f-stry-npmjs-org-mup-mup-0-7-6-tgz https://registry.npmjs.org/mup/-/mup-0.7.6.tgz
43 silly lockFile 0a40caf2-mup-0-7-6 mup@0.7.6
44 silly lockFile 0a40caf2-mup-0-7-6 mup@0.7.6
45 silly lockFile 49f77549-mup mup@
46 silly lockFile 49f77549-mup mup@
47 silly resolved [ { name: 'mup',
47 silly resolved     version: '0.7.6',
47 silly resolved     description: 'Production Quality Meteor Deployments',
47 silly resolved     dependencies:
47 silly resolved      { nodemiral: '0.3.x',
47 silly resolved        cjson: '0.3.x',
47 silly resolved        uuid: '1.4.x',
47 silly resolved        colors: '0.6.x',
47 silly resolved        rimraf: '2.x.x' },
47 silly resolved     bin: { mup: './bin/mup' },
47 silly resolved     author:
47 silly resolved      { name: 'Arunoda Susiripala',
47 silly resolved        email: 'arunoda.susiripala@gmail.com' },
47 silly resolved     repository: { type: 'git', url: 'git://github.com/arunoda/meteor-up.git' },
47 silly resolved     license: 'MIT',
47 silly resolved     gitHead: '1198eebb0216cc5a88d3afb84d13314334cdf522',
47 silly resolved     bugs: { url: 'https://github.com/arunoda/meteor-up/issues' },
47 silly resolved     homepage: 'https://github.com/arunoda/meteor-up',
47 silly resolved     _id: 'mup@0.7.6',
47 silly resolved     scripts: {},
47 silly resolved     _shasum: '747332a0203fcd3e8fd3510eee93f8b9caebf7dc',
47 silly resolved     _from: 'mup@',
47 silly resolved     _npmVersion: '1.4.28',
47 silly resolved     _npmUser: { name: 'arunoda', email: 'arunoda.susiripala@gmail.com' },
47 silly resolved     maintainers: [ [Object] ],
47 silly resolved     dist:
47 silly resolved      { shasum: '747332a0203fcd3e8fd3510eee93f8b9caebf7dc',
47 silly resolved        tarball: 'http://registry.npmjs.org/mup/-/mup-0.7.6.tgz' },
47 silly resolved     directories: {},
47 silly resolved     _resolved: 'https://registry.npmjs.org/mup/-/mup-0.7.6.tgz' } ]
48 info install mup@0.7.6 into /usr/lib
49 info installOne mup@0.7.6
50 verbose lib/node_modules/mup unbuild
51 verbose tar unpack /home/aspin/.npm/mup/0.7.6/package.tgz
52 silly lockFile 7ec4182e-tar-usr-lib-node-modules-mup tar:///usr/lib/node_modules/mup
53 verbose lock tar:///usr/lib/node_modules/mup /home/aspin/.npm/7ec4182e-tar-usr-lib-node-modules-mup.lock
54 silly lockFile 4987b3f8--aspin-npm-mup-0-7-6-package-tgz tar:///home/aspin/.npm/mup/0.7.6/package.tgz
55 verbose lock tar:///home/aspin/.npm/mup/0.7.6/package.tgz /home/aspin/.npm/4987b3f8--aspin-npm-mup-0-7-6-package-tgz.lock
56 silly gunzTarPerm modes [ '775', '664' ]
57 error Error: EACCES, mkdir '/usr/lib/node_modules/mup'
57 error  { [Error: EACCES, mkdir '/usr/lib/node_modules/mup']
57 error   errno: 3,
57 error   code: 'EACCES',
57 error   path: '/usr/lib/node_modules/mup',
57 error   fstream_type: 'Directory',
57 error   fstream_path: '/usr/lib/node_modules/mup',
57 error   fstream_class: 'DirWriter',
57 error   fstream_stack:
57 error    [ '/usr/lib/node_modules/npm/node_modules/fstream/lib/dir-writer.js:36:23',
57 error      '/usr/lib/node_modules/npm/node_modules/mkdirp/index.js:46:53',
57 error      'Object.oncomplete (fs.js:108:15)' ] }
58 error Please try running this command again as root/Administrator.
59 error System Linux 3.13.0-43-generic
60 error command "/usr/bin/node" "/usr/bin/npm" "install" "-g" "mup"
61 error cwd /home/aspin/Just-Press-Play/web
62 error node -v v0.10.35
63 error npm -v 1.4.28
64 error path /usr/lib/node_modules/mup
65 error fstream_path /usr/lib/node_modules/mup
66 error fstream_type Directory
67 error fstream_class DirWriter
68 error code EACCES
69 error errno 3
70 error stack Error: EACCES, mkdir '/usr/lib/node_modules/mup'
71 error fstream_stack /usr/lib/node_modules/npm/node_modules/fstream/lib/dir-writer.js:36:23
71 error fstream_stack /usr/lib/node_modules/npm/node_modules/mkdirp/index.js:46:53
71 error fstream_stack Object.oncomplete (fs.js:108:15)
72 verbose exit [ 3, true ]
